Warning: singular matrix:  check node net2

Note: Starting dynamic gmin stepping
Warning: singular matrix:  check node net2

Warning: Dynamic gmin stepping failed
Note: Starting true gmin stepping
Warning: singular matrix:  check node net2

Warning: singular matrix:  check node net2

Warning: singular matrix:  check node net2

Warning: singular matrix:  check node net2

Warning: True gmin stepping failed
Note: Starting source stepping
Warning: source stepping failed
Note: Transient op started
Note: Transient op finished successfully

Note: No compatibility mode selected!


Circuit: ** sch_path: /home/omare/documents/uwasic/matrix-vector-analog/analog/library/tia/opamp_temp_opt/tb/opamp_to_dc_gain_tb.sch

Doing analysis at TEMP = 27.000000 and TNOM = 27.000000

Using SPARSE 1.3 as Direct Linear Solver
 Reference value :  1.00000e-01
No. of Data Rows : 1001
DC_GAIN: 54.2811
GBW: 8709.64
Note: Simulation executed from .control section 
